# JRE version: Java(TM) SE Runtime Environment (8.0_181-b13) (build 1.8.0_181-b13)
# Java VM: Dynamic Code Evolution 64-Bit Server VM (25.71-b01-dcevmlight-26 mixed mode windows-amd64 compressed oops)
Heap:
 def new generation   total 273472K, used 6940K [0x0000000700c00000, 0x00000007134b0000, 0x0000000740800000)
  eden space 243136K,   2% used [0x0000000700c00000, 0x00000007010ddbd0, 0x000000070f970000)
  from space 30336K,   6% used [0x0000000711710000, 0x00000007118f9440, 0x00000007134b0000)
  to   space 30336K,   0% used [0x000000070f970000, 0x000000070f970000, 0x0000000711710000)
 tenured generation   total 607432K, used 365073K [0x0000000740800000, 0x0000000765932000, 0x00000007c0000000)
   the space 607432K,  60% used [0x0000000740800000, 0x0000000756c844b0, 0x0000000756c84600, 0x0000000765932000)
 Metaspace       used 113128K, capacity 127442K, committed 129624K, reserved 1159168K
  class space    used 16293K, capacity 19329K, committed 19800K, reserved 1048576K
GC Heap History (10 events):
Event: 388.008 GC heap before
{Heap before GC invocations=1107 (full 6):
 def new generation   total 273472K, used 243655K [0x0000000700c00000, 0x00000007134b0000, 0x0000000740800000)
  eden space 243136K, 100% used [0x0000000700c00000, 0x000000070f970000, 0x000000070f970000)
  from space 30336K,   1% used [0x000000070f970000, 0x000000070f9f1fa0, 0x0000000711710000)
  to   space 30336K,   0% used [0x0000000711710000, 0x0000000711710000, 0x00000007134b0000)
 tenured generation   total 607432K, used 365072K [0x0000000740800000, 0x0000000765932000, 0x00000007c0000000)
   the space 607432K,  60% used [0x0000000740800000, 0x0000000756c84200, 0x0000000756c84200, 0x0000000765932000)
 Metaspace       used 113066K, capacity 127290K, committed 129624K, reserved 1159168K
  class space    used 16280K, capacity 19315K, committed 19800K, reserved 1048576K
Event: 388.014 GC heap after
Heap after GC invocations=1108 (full 6):
 def new generation   total 273472K, used 487K [0x0000000700c00000, 0x00000007134b0000, 0x0000000740800000)
  eden space 243136K,   0% used [0x0000000700c00000, 0x0000000700c00000, 0x000000070f970000)
  from space 30336K,   1% used [0x0000000711710000, 0x0000000711789e78, 0x00000007134b0000)
  to   space 30336K,   0% used [0x000000070f970000, 0x000000070f970000, 0x0000000711710000)
 tenured generation   total 607432K, used 365072K [0x0000000740800000, 0x0000000765932000, 0x00000007c0000000)
   the space 607432K,  60% used [0x0000000740800000, 0x0000000756c84200, 0x0000000756c84200, 0x0000000765932000)
 Metaspace       used 113066K, capacity 127290K, committed 129624K, reserved 1159168K
  class space    used 16280K, capacity 19315K, committed 19800K, reserved 1048576K
}
Event: 390.622 GC heap before
{Heap before GC invocations=1108 (full 6):
 def new generation   total 273472K, used 243623K [0x0000000700c00000, 0x00000007134b0000, 0x0000000740800000)
  eden space 243136K, 100% used [0x0000000700c00000, 0x000000070f970000, 0x000000070f970000)
  from space 30336K,   1% used [0x0000000711710000, 0x0000000711789f20, 0x00000007134b0000)
  to   space 30336K,   0% used [0x000000070f970000, 0x000000070f970000, 0x0000000711710000)
 tenured generation   total 607432K, used 365072K [0x0000000740800000, 0x0000000765932000, 0x00000007c0000000)
   the space 607432K,  60% used [0x0000000740800000, 0x0000000756c84200, 0x0000000756c84200, 0x0000000765932000)
 Metaspace       used 113066K, capacity 127290K, committed 129624K, reserved 1159168K
  class space    used 16280K, capacity 19315K, committed 19800K, reserved 1048576K
Event: 390.629 GC heap after
Heap after GC invocations=1109 (full 6):
 def new generation   total 273472K, used 583K [0x0000000700c00000, 0x00000007134b0000, 0x0000000740800000)
  eden space 243136K,   0% used [0x0000000700c00000, 0x0000000700c00000, 0x000000070f970000)
  from space 30336K,   1% used [0x000000070f970000, 0x000000070fa01fe8, 0x0000000711710000)
  to   space 30336K,   0% used [0x0000000711710000, 0x0000000711710000, 0x00000007134b0000)
 tenured generation   total 607432K, used 365073K [0x0000000740800000, 0x0000000765932000, 0x00000007c0000000)
   the space 607432K,  60% used [0x0000000740800000, 0x0000000756c84400, 0x0000000756c84400, 0x0000000765932000)
 Metaspace       used 113066K, capacity 127290K, committed 129624K, reserved 1159168K
  class space    used 16280K, capacity 19315K, committed 19800K, reserved 1048576K
}
Event: 393.490 GC heap before
{Heap before GC invocations=1109 (full 6):
 def new generation   total 273472K, used 244384K [0x0000000700c00000, 0x00000007134b0000, 0x0000000740800000)
  eden space 243136K, 100% used [0x0000000700c00000, 0x000000070f970000, 0x000000070f970000)
  from space 30336K,   4% used [0x000000070f970000, 0x000000070faa82a0, 0x0000000711710000)
  to   space 30336K,   0% used [0x0000000711710000, 0x0000000711710000, 0x00000007134b0000)
 tenured generation   total 607432K, used 365073K [0x0000000740800000, 0x0000000765932000, 0x00000007c0000000)
   the space 607432K,  60% used [0x0000000740800000, 0x0000000756c84400, 0x0000000756c84400, 0x0000000765932000)
 Metaspace       used 113070K, capacity 127298K, committed 129624K, reserved 1159168K
  class space    used 16280K, capacity 19315K, committed 19800K, reserved 1048576K
Event: 393.496 GC heap after
Heap after GC invocations=1110 (full 6):
 def new generation   total 273472K, used 540K [0x0000000700c00000, 0x00000007134b0000, 0x0000000740800000)
  eden space 243136K,   0% used [0x0000000700c00000, 0x0000000700c00000, 0x000000070f970000)
  from space 30336K,   1% used [0x0000000711710000, 0x0000000711797248, 0x00000007134b0000)
  to   space 30336K,   0% used [0x000000070f970000, 0x000000070f970000, 0x0000000711710000)
 tenured generation   total 607432K, used 365073K [0x0000000740800000, 0x0000000765932000, 0x00000007c0000000)
   the space 607432K,  60% used [0x0000000740800000, 0x0000000756c84400, 0x0000000756c84400, 0x0000000765932000)
 Metaspace       used 113070K, capacity 127298K, committed 129624K, reserved 1159168K
  class space    used 16280K, capacity 19315K, committed 19800K, reserved 1048576K
}
Event: 393.497 GC heap before
{Heap before GC invocations=1110 (full 6):
 def new generation   total 273472K, used 2590K [0x0000000700c00000, 0x00000007134b0000, 0x0000000740800000)
  eden space 243136K,   0% used [0x0000000700c00000, 0x0000000700e005f0, 0x000000070f970000)
  from space 30336K,   1% used [0x0000000711710000, 0x0000000711797248, 0x00000007134b0000)
  to   space 30336K,   0% used [0x000000070f970000, 0x000000070f970000, 0x0000000711710000)
 tenured generation   total 607432K, used 365073K [0x0000000740800000, 0x0000000765932000, 0x00000007c0000000)
   the space 607432K,  60% used [0x0000000740800000, 0x0000000756c84400, 0x0000000756c84400, 0x0000000765932000)
 Metaspace       used 113070K, capacity 127298K, committed 129624K, reserved 1159168K
  class space    used 16280K, capacity 19315K, committed 19800K, reserved 1048576K
Event: 393.502 GC heap after
Heap after GC invocations=1111 (full 6):
 def new generation   total 273472K, used 540K [0x0000000700c00000, 0x00000007134b0000, 0x0000000740800000)
  eden space 243136K,   0% used [0x0000000700c00000, 0x0000000700c00000, 0x000000070f970000)
  from space 30336K,   1% used [0x000000070f970000, 0x000000070f9f71a0, 0x0000000711710000)
  to   space 30336K,   0% used [0x0000000711710000, 0x0000000711710000, 0x00000007134b0000)
 tenured generation   total 607432K, used 365073K [0x0000000740800000, 0x0000000765932000, 0x00000007c0000000)
   the space 607432K,  60% used [0x0000000740800000, 0x0000000756c84400, 0x0000000756c84400, 0x0000000765932000)
 Metaspace       used 113070K, capacity 127298K, committed 129624K, reserved 1159168K
  class space    used 16280K, capacity 19315K, committed 19800K, reserved 1048576K
}
Event: 396.470 GC heap before
{Heap before GC invocations=1111 (full 6):
 def new generation   total 273472K, used 182988K [0x0000000700c00000, 0x00000007134b0000, 0x0000000740800000)
  eden space 243136K,  75% used [0x0000000700c00000, 0x000000070be2bf68, 0x000000070f970000)
  from space 30336K,   1% used [0x000000070f970000, 0x000000070f9f71a0, 0x0000000711710000)
  to   space 30336K,   0% used [0x0000000711710000, 0x0000000711710000, 0x00000007134b0000)
 tenured generation   total 607432K, used 365073K [0x0000000740800000, 0x0000000765932000, 0x00000007c0000000)
   the space 607432K,  60% used [0x0000000740800000, 0x0000000756c84400, 0x0000000756c84400, 0x0000000765932000)
 Metaspace       used 113097K, capacity 127362K, committed 129624K, reserved 1159168K
  class space    used 16284K, capacity 19315K, committed 19800K, reserved 1048576K
Event: 396.496 GC heap after
Heap after GC invocations=1112 (full 6):
 def new generation   total 273472K, used 1957K [0x0000000700c00000, 0x00000007134b0000, 0x0000000740800000)
  eden space 243136K,   0% used [0x0000000700c00000, 0x0000000700c00000, 0x000000070f970000)
  from space 30336K,   6% used [0x0000000711710000, 0x00000007118f9440, 0x00000007134b0000)
  to   space 30336K,   0% used [0x000000070f970000, 0x000000070f970000, 0x0000000711710000)
 tenured generation   total 607432K, used 365073K [0x0000000740800000, 0x0000000765932000, 0x00000007c0000000)
   the space 607432K,  60% used [0x0000000740800000, 0x0000000756c844b0, 0x0000000756c84600, 0x0000000765932000)
 Metaspace       used 113097K, capacity 127362K, committed 129624K, reserved 1159168K
  class space    used 16284K, capacity 19315K, committed 19800K, reserved 1048576K
}

