# JRE version: Java(TM) SE Runtime Environment (8.0_181-b13) (build 1.8.0_181-b13)
# Java VM: Dynamic Code Evolution 64-Bit Server VM (25.71-b01-dcevmlight-26 mixed mode windows-amd64 compressed oops)
Heap:
 def new generation   total 263104K, used 6108K [0x0000000700c00000, 0x0000000712970000, 0x0000000740800000)
  eden space 233920K,   2% used [0x0000000700c00000, 0x00000007011f7288, 0x000000070f070000)
  from space 29184K,   0% used [0x000000070f070000, 0x000000070f070000, 0x0000000710cf0000)
  to   space 29184K,   0% used [0x0000000710cf0000, 0x0000000710cf0000, 0x0000000712970000)
 tenured generation   total 584496K, used 350696K [0x0000000740800000, 0x00000007642cc000, 0x00000007c0000000)
   the space 584496K,  59% used [0x0000000740800000, 0x0000000755e7a2e0, 0x0000000755e7a400, 0x00000007642cc000)
 Metaspace       used 112599K, capacity 126778K, committed 127448K, reserved 1157120K
  class space    used 16241K, capacity 19279K, committed 19456K, reserved 1048576K
GC Heap History (10 events):
Event: 192.919 GC heap before
{Heap before GC invocations=996 (full 5):
 def new generation   total 181184K, used 161649K [0x0000000700c00000, 0x000000070d090000, 0x0000000740800000)
  eden space 161088K, 100% used [0x0000000700c00000, 0x000000070a950000, 0x000000070a950000)
  from space 20096K,   2% used [0x000000070a950000, 0x000000070a9dc460, 0x000000070bcf0000)
  to   space 20096K,   0% used [0x000000070bcf0000, 0x000000070bcf0000, 0x000000070d090000)
 tenured generation   total 402520K, used 382344K [0x0000000740800000, 0x0000000759116000, 0x00000007c0000000)
   the space 402520K,  94% used [0x0000000740800000, 0x0000000757d62108, 0x0000000757d62200, 0x0000000759116000)
 Metaspace       used 112384K, capacity 126408K, committed 126680K, reserved 1157120K
  class space    used 16178K, capacity 19176K, committed 19200K, reserved 1048576K
Event: 192.929 GC heap after
Heap after GC invocations=997 (full 5):
 def new generation   total 181184K, used 501K [0x0000000700c00000, 0x000000070d090000, 0x0000000740800000)
  eden space 161088K,   0% used [0x0000000700c00000, 0x0000000700c00000, 0x000000070a950000)
  from space 20096K,   2% used [0x000000070bcf0000, 0x000000070bd6d540, 0x000000070d090000)
  to   space 20096K,   0% used [0x000000070a950000, 0x000000070a950000, 0x000000070bcf0000)
 tenured generation   total 402520K, used 382346K [0x0000000740800000, 0x0000000759116000, 0x00000007c0000000)
   the space 402520K,  94% used [0x0000000740800000, 0x0000000757d62918, 0x0000000757d62a00, 0x0000000759116000)
 Metaspace       used 112384K, capacity 126408K, committed 126680K, reserved 1157120K
  class space    used 16178K, capacity 19176K, committed 19200K, reserved 1048576K
}
Event: 194.419 GC heap before
{Heap before GC invocations=997 (full 5):
 def new generation   total 181184K, used 161837K [0x0000000700c00000, 0x000000070d090000, 0x0000000740800000)
  eden space 161088K, 100% used [0x0000000700c00000, 0x000000070a950000, 0x000000070a950000)
  from space 20096K,   3% used [0x000000070bcf0000, 0x000000070bdab728, 0x000000070d090000)
  to   space 20096K,   0% used [0x000000070a950000, 0x000000070a950000, 0x000000070bcf0000)
 tenured generation   total 402520K, used 382346K [0x0000000740800000, 0x0000000759116000, 0x00000007c0000000)
   the space 402520K,  94% used [0x0000000740800000, 0x0000000757d62918, 0x0000000757d62a00, 0x0000000759116000)
 Metaspace       used 112385K, capacity 126408K, committed 126680K, reserved 1157120K
  class space    used 16178K, capacity 19176K, committed 19200K, reserved 1048576K
Event: 194.429 GC heap after
Heap after GC invocations=998 (full 5):
 def new generation   total 181184K, used 540K [0x0000000700c00000, 0x000000070d090000, 0x0000000740800000)
  eden space 161088K,   0% used [0x0000000700c00000, 0x0000000700c00000, 0x000000070a950000)
  from space 20096K,   2% used [0x000000070a950000, 0x000000070a9d7098, 0x000000070bcf0000)
  to   space 20096K,   0% used [0x000000070bcf0000, 0x000000070bcf0000, 0x000000070d090000)
 tenured generation   total 402520K, used 382347K [0x0000000740800000, 0x0000000759116000, 0x00000007c0000000)
   the space 402520K,  94% used [0x0000000740800000, 0x0000000757d62db0, 0x0000000757d62e00, 0x0000000759116000)
 Metaspace       used 112385K, capacity 126408K, committed 126680K, reserved 1157120K
  class space    used 16178K, capacity 19176K, committed 19200K, reserved 1048576K
}
Event: 195.970 GC heap before
{Heap before GC invocations=998 (full 5):
 def new generation   total 181184K, used 161630K [0x0000000700c00000, 0x000000070d090000, 0x0000000740800000)
  eden space 161088K, 100% used [0x0000000700c00000, 0x000000070a950000, 0x000000070a950000)
  from space 20096K,   2% used [0x000000070a950000, 0x000000070a9d7918, 0x000000070bcf0000)
  to   space 20096K,   0% used [0x000000070bcf0000, 0x000000070bcf0000, 0x000000070d090000)
 tenured generation   total 402520K, used 382347K [0x0000000740800000, 0x0000000759116000, 0x00000007c0000000)
   the space 402520K,  94% used [0x0000000740800000, 0x0000000757d62db0, 0x0000000757d62e00, 0x0000000759116000)
 Metaspace       used 112390K, capacity 126408K, committed 126680K, reserved 1157120K
  class space    used 16178K, capacity 19176K, committed 19200K, reserved 1048576K
Event: 195.982 GC heap after
Heap after GC invocations=999 (full 5):
 def new generation   total 181184K, used 522K [0x0000000700c00000, 0x000000070d090000, 0x0000000740800000)
  eden space 161088K,   0% used [0x0000000700c00000, 0x0000000700c00000, 0x000000070a950000)
  from space 20096K,   2% used [0x000000070bcf0000, 0x000000070bd72a78, 0x000000070d090000)
  to   space 20096K,   0% used [0x000000070a950000, 0x000000070a950000, 0x000000070bcf0000)
 tenured generation   total 402520K, used 382347K [0x0000000740800000, 0x0000000759116000, 0x00000007c0000000)
   the space 402520K,  94% used [0x0000000740800000, 0x0000000757d62e40, 0x0000000757d63000, 0x0000000759116000)
 Metaspace       used 112390K, capacity 126408K, committed 126680K, reserved 1157120K
  class space    used 16178K, capacity 19176K, committed 19200K, reserved 1048576K
}
Event: 198.458 GC heap before
{Heap before GC invocations=999 (full 5):
 def new generation   total 181184K, used 144833K [0x0000000700c00000, 0x000000070d090000, 0x0000000740800000)
  eden space 161088K,  89% used [0x0000000700c00000, 0x00000007098ed9d8, 0x000000070a950000)
  from space 20096K,   2% used [0x000000070bcf0000, 0x000000070bd72a78, 0x000000070d090000)
  to   space 20096K,   0% used [0x000000070a950000, 0x000000070a950000, 0x000000070bcf0000)
 tenured generation   total 402520K, used 382347K [0x0000000740800000, 0x0000000759116000, 0x00000007c0000000)
   the space 402520K,  94% used [0x0000000740800000, 0x0000000757d62e40, 0x0000000757d63000, 0x0000000759116000)
 Metaspace       used 112512K, capacity 126568K, committed 126808K, reserved 1157120K
  class space    used 16195K, capacity 19208K, committed 19328K, reserved 1048576K
Event: 198.486 GC heap after
Heap after GC invocations=1000 (full 5):
 def new generation   total 181184K, used 576K [0x0000000700c00000, 0x000000070d090000, 0x0000000740800000)
  eden space 161088K,   0% used [0x0000000700c00000, 0x0000000700c00000, 0x000000070a950000)
  from space 20096K,   2% used [0x000000070a950000, 0x000000070a9e01a8, 0x000000070bcf0000)
  to   space 20096K,   0% used [0x000000070bcf0000, 0x000000070bcf0000, 0x000000070d090000)
 tenured generation   total 402520K, used 382352K [0x0000000740800000, 0x0000000759116000, 0x00000007c0000000)
   the space 402520K,  94% used [0x0000000740800000, 0x0000000757d642a0, 0x0000000757d64400, 0x0000000759116000)
 Metaspace       used 112512K, capacity 126568K, committed 126808K, reserved 1157120K
  class space    used 16195K, capacity 19208K, committed 19328K, reserved 1048576K
}
Event: 198.795 GC heap before
{Heap before GC invocations=1000 (full 5):
 def new generation   total 181184K, used 5756K [0x0000000700c00000, 0x000000070d090000, 0x0000000740800000)
  eden space 161088K,   3% used [0x0000000700c00000, 0x000000070110efd8, 0x000000070a950000)
  from space 20096K,   2% used [0x000000070a950000, 0x000000070a9e01a8, 0x000000070bcf0000)
  to   space 20096K,   0% used [0x000000070bcf0000, 0x000000070bcf0000, 0x000000070d090000)
 tenured generation   total 402520K, used 382352K [0x0000000740800000, 0x0000000759116000, 0x00000007c0000000)
   the space 402520K,  94% used [0x0000000740800000, 0x0000000757d642a0, 0x0000000757d64400, 0x0000000759116000)
 Metaspace       used 112765K, capacity 127106K, committed 127448K, reserved 1157120K
  class space    used 16282K, capacity 19347K, committed 19456K, reserved 1048576K
Event: 199.833 GC heap after
Heap after GC invocations=1001 (full 6):
 def new generation   total 263104K, used 0K [0x0000000700c00000, 0x0000000712970000, 0x0000000740800000)
  eden space 233920K,   0% used [0x0000000700c00000, 0x0000000700c00000, 0x000000070f070000)
  from space 29184K,   0% used [0x000000070f070000, 0x000000070f070000, 0x0000000710cf0000)
  to   space 29184K,   0% used [0x0000000710cf0000, 0x0000000710cf0000, 0x0000000712970000)
 tenured generation   total 584496K, used 350696K [0x0000000740800000, 0x00000007642cc000, 0x00000007c0000000)
   the space 584496K,  59% used [0x0000000740800000, 0x0000000755e7a2e0, 0x0000000755e7a400, 0x00000007642cc000)
 Metaspace       used 112532K, capacity 126626K, committed 127448K, reserved 1157120K
  class space    used 16218K, capacity 19245K, committed 19456K, reserved 1048576K
}

