# JRE version: Java(TM) SE Runtime Environment (8.0_181-b13) (build 1.8.0_181-b13)
# Java VM: Dynamic Code Evolution 64-Bit Server VM (25.71-b01-dcevmlight-26 mixed mode windows-amd64 compressed oops)
Heap:
 def new generation   total 179008K, used 54390K [0x0000000700c00000, 0x000000070ce30000, 0x0000000740800000)
  eden space 159168K,  33% used [0x0000000700c00000, 0x000000070403b4f8, 0x000000070a770000)
  from space 19840K,   4% used [0x000000070bad0000, 0x000000070bbb2580, 0x000000070ce30000)
  to   space 19840K,   0% used [0x000000070a770000, 0x000000070a770000, 0x000000070bad0000)
 tenured generation   total 397628K, used 393227K [0x0000000740800000, 0x0000000758c4f000, 0x00000007c0000000)
   the space 397628K,  98% used [0x0000000740800000, 0x0000000758802c80, 0x0000000758802e00, 0x0000000758c4f000)
 Metaspace       used 112812K, capacity 126942K, committed 127104K, reserved 1157120K
  class space    used 16253K, capacity 19259K, committed 19328K, reserved 1048576K
GC Heap History (10 events):
Event: 235.445 GC heap before
{Heap before GC invocations=1027 (full 5):
 def new generation   total 179008K, used 159563K [0x0000000700c00000, 0x000000070ce30000, 0x0000000740800000)
  eden space 159168K, 100% used [0x0000000700c00000, 0x000000070a770000, 0x000000070a770000)
  from space 19840K,   1% used [0x000000070a770000, 0x000000070a7d2cd8, 0x000000070bad0000)
  to   space 19840K,   0% used [0x000000070bad0000, 0x000000070bad0000, 0x000000070ce30000)
 tenured generation   total 397628K, used 393222K [0x0000000740800000, 0x0000000758c4f000, 0x00000007c0000000)
   the space 397628K,  98% used [0x0000000740800000, 0x0000000758801828, 0x0000000758801a00, 0x0000000758c4f000)
 Metaspace       used 112581K, capacity 126592K, committed 126848K, reserved 1157120K
  class space    used 16202K, capacity 19202K, committed 19328K, reserved 1048576K
Event: 235.455 GC heap after
Heap after GC invocations=1028 (full 5):
 def new generation   total 179008K, used 561K [0x0000000700c00000, 0x000000070ce30000, 0x0000000740800000)
  eden space 159168K,   0% used [0x0000000700c00000, 0x0000000700c00000, 0x000000070a770000)
  from space 19840K,   2% used [0x000000070bad0000, 0x000000070bb5c5d0, 0x000000070ce30000)
  to   space 19840K,   0% used [0x000000070a770000, 0x000000070a770000, 0x000000070bad0000)
 tenured generation   total 397628K, used 393222K [0x0000000740800000, 0x0000000758c4f000, 0x00000007c0000000)
   the space 397628K,  98% used [0x0000000740800000, 0x0000000758801828, 0x0000000758801a00, 0x0000000758c4f000)
 Metaspace       used 112581K, capacity 126592K, committed 126848K, reserved 1157120K
  class space    used 16202K, capacity 19202K, committed 19328K, reserved 1048576K
}
Event: 237.294 GC heap before
{Heap before GC invocations=1028 (full 5):
 def new generation   total 179008K, used 159729K [0x0000000700c00000, 0x000000070ce30000, 0x0000000740800000)
  eden space 159168K, 100% used [0x0000000700c00000, 0x000000070a770000, 0x000000070a770000)
  from space 19840K,   2% used [0x000000070bad0000, 0x000000070bb5c5d0, 0x000000070ce30000)
  to   space 19840K,   0% used [0x000000070a770000, 0x000000070a770000, 0x000000070bad0000)
 tenured generation   total 397628K, used 393222K [0x0000000740800000, 0x0000000758c4f000, 0x00000007c0000000)
   the space 397628K,  98% used [0x0000000740800000, 0x0000000758801828, 0x0000000758801a00, 0x0000000758c4f000)
 Metaspace       used 112583K, capacity 126596K, committed 126848K, reserved 1157120K
  class space    used 16202K, capacity 19202K, committed 19328K, reserved 1048576K
Event: 237.304 GC heap after
Heap after GC invocations=1029 (full 5):
 def new generation   total 179008K, used 1038K [0x0000000700c00000, 0x000000070ce30000, 0x0000000740800000)
  eden space 159168K,   0% used [0x0000000700c00000, 0x0000000700c00000, 0x000000070a770000)
  from space 19840K,   5% used [0x000000070a770000, 0x000000070a873878, 0x000000070bad0000)
  to   space 19840K,   0% used [0x000000070bad0000, 0x000000070bad0000, 0x000000070ce30000)
 tenured generation   total 397628K, used 393222K [0x0000000740800000, 0x0000000758c4f000, 0x00000007c0000000)
   the space 397628K,  98% used [0x0000000740800000, 0x0000000758801828, 0x0000000758801a00, 0x0000000758c4f000)
 Metaspace       used 112583K, capacity 126596K, committed 126848K, reserved 1157120K
  class space    used 16202K, capacity 19202K, committed 19328K, reserved 1048576K
}
Event: 239.293 GC heap before
{Heap before GC invocations=1029 (full 5):
 def new generation   total 179008K, used 160281K [0x0000000700c00000, 0x000000070ce30000, 0x0000000740800000)
  eden space 159168K, 100% used [0x0000000700c00000, 0x000000070a770000, 0x000000070a770000)
  from space 19840K,   5% used [0x000000070a770000, 0x000000070a886660, 0x000000070bad0000)
  to   space 19840K,   0% used [0x000000070bad0000, 0x000000070bad0000, 0x000000070ce30000)
 tenured generation   total 397628K, used 393222K [0x0000000740800000, 0x0000000758c4f000, 0x00000007c0000000)
   the space 397628K,  98% used [0x0000000740800000, 0x0000000758801828, 0x0000000758801a00, 0x0000000758c4f000)
 Metaspace       used 112589K, capacity 126660K, committed 126848K, reserved 1157120K
  class space    used 16202K, capacity 19202K, committed 19328K, reserved 1048576K
Event: 239.303 GC heap after
Heap after GC invocations=1030 (full 5):
 def new generation   total 179008K, used 1155K [0x0000000700c00000, 0x000000070ce30000, 0x0000000740800000)
  eden space 159168K,   0% used [0x0000000700c00000, 0x0000000700c00000, 0x000000070a770000)
  from space 19840K,   5% used [0x000000070bad0000, 0x000000070bbf0cd0, 0x000000070ce30000)
  to   space 19840K,   0% used [0x000000070a770000, 0x000000070a770000, 0x000000070bad0000)
 tenured generation   total 397628K, used 393222K [0x0000000740800000, 0x0000000758c4f000, 0x00000007c0000000)
   the space 397628K,  98% used [0x0000000740800000, 0x0000000758801828, 0x0000000758801a00, 0x0000000758c4f000)
 Metaspace       used 112589K, capacity 126660K, committed 126848K, reserved 1157120K
  class space    used 16202K, capacity 19202K, committed 19328K, reserved 1048576K
}
Event: 239.303 GC heap before
{Heap before GC invocations=1030 (full 5):
 def new generation   total 179008K, used 2544K [0x0000000700c00000, 0x000000070ce30000, 0x0000000740800000)
  eden space 159168K,   0% used [0x0000000700c00000, 0x0000000700d5b668, 0x000000070a770000)
  from space 19840K,   5% used [0x000000070bad0000, 0x000000070bbf0cd0, 0x000000070ce30000)
  to   space 19840K,   0% used [0x000000070a770000, 0x000000070a770000, 0x000000070bad0000)
 tenured generation   total 397628K, used 393222K [0x0000000740800000, 0x0000000758c4f000, 0x00000007c0000000)
   the space 397628K,  98% used [0x0000000740800000, 0x0000000758801828, 0x0000000758801a00, 0x0000000758c4f000)
 Metaspace       used 112589K, capacity 126660K, committed 126848K, reserved 1157120K
  class space    used 16202K, capacity 19202K, committed 19328K, reserved 1048576K
Event: 239.313 GC heap after
Heap after GC invocations=1031 (full 5):
 def new generation   total 179008K, used 1150K [0x0000000700c00000, 0x000000070ce30000, 0x0000000740800000)
  eden space 159168K,   0% used [0x0000000700c00000, 0x0000000700c00000, 0x000000070a770000)
  from space 19840K,   5% used [0x000000070a770000, 0x000000070a88fb40, 0x000000070bad0000)
  to   space 19840K,   0% used [0x000000070bad0000, 0x000000070bad0000, 0x000000070ce30000)
 tenured generation   total 397628K, used 393226K [0x0000000740800000, 0x0000000758c4f000, 0x00000007c0000000)
   the space 397628K,  98% used [0x0000000740800000, 0x00000007588028f0, 0x0000000758802a00, 0x0000000758c4f000)
 Metaspace       used 112589K, capacity 126660K, committed 126848K, reserved 1157120K
  class space    used 16202K, capacity 19202K, committed 19328K, reserved 1048576K
}
Event: 241.312 GC heap before
{Heap before GC invocations=1031 (full 5):
 def new generation   total 179008K, used 160318K [0x0000000700c00000, 0x000000070ce30000, 0x0000000740800000)
  eden space 159168K, 100% used [0x0000000700c00000, 0x000000070a770000, 0x000000070a770000)
  from space 19840K,   5% used [0x000000070a770000, 0x000000070a88fb40, 0x000000070bad0000)
  to   space 19840K,   0% used [0x000000070bad0000, 0x000000070bad0000, 0x000000070ce30000)
 tenured generation   total 397628K, used 393226K [0x0000000740800000, 0x0000000758c4f000, 0x00000007c0000000)
   the space 397628K,  98% used [0x0000000740800000, 0x00000007588028f0, 0x0000000758802a00, 0x0000000758c4f000)
 Metaspace       used 112589K, capacity 126660K, committed 126848K, reserved 1157120K
  class space    used 16202K, capacity 19202K, committed 19328K, reserved 1048576K
Event: 241.321 GC heap after
Heap after GC invocations=1032 (full 5):
 def new generation   total 179008K, used 905K [0x0000000700c00000, 0x000000070ce30000, 0x0000000740800000)
  eden space 159168K,   0% used [0x0000000700c00000, 0x0000000700c00000, 0x000000070a770000)
  from space 19840K,   4% used [0x000000070bad0000, 0x000000070bbb2580, 0x000000070ce30000)
  to   space 19840K,   0% used [0x000000070a770000, 0x000000070a770000, 0x000000070bad0000)
 tenured generation   total 397628K, used 393227K [0x0000000740800000, 0x0000000758c4f000, 0x00000007c0000000)
   the space 397628K,  98% used [0x0000000740800000, 0x0000000758802c80, 0x0000000758802e00, 0x0000000758c4f000)
 Metaspace       used 112589K, capacity 126660K, committed 126848K, reserved 1157120K
  class space    used 16202K, capacity 19202K, committed 19328K, reserved 1048576K
}

