# JRE version: Java(TM) SE Runtime Environment (8.0_181-b13) (build 1.8.0_181-b13)
# Java VM: Dynamic Code Evolution 64-Bit Server VM (25.71-b01-dcevmlight-26 mixed mode windows-amd64 compressed oops)
Heap:
 def new generation   total 273536K, used 53393K [0x0000000700c00000, 0x00000007134c0000, 0x0000000740800000)
  eden space 243200K,  21% used [0x0000000700c00000, 0x0000000703f489f8, 0x000000070f980000)
  from space 30336K,   2% used [0x0000000711720000, 0x00000007117fbcc0, 0x00000007134c0000)
  to   space 30336K,   0% used [0x000000070f980000, 0x000000070f980000, 0x0000000711720000)
 tenured generation   total 607676K, used 379976K [0x0000000740800000, 0x000000076596f000, 0x00000007c0000000)
   the space 607676K,  62% used [0x0000000740800000, 0x0000000757b122f8, 0x0000000757b12400, 0x000000076596f000)
 Metaspace       used 128912K, capacity 163974K, committed 164224K, reserved 1187840K
  class space    used 20549K, capacity 26144K, committed 26240K, reserved 1048576K
GC Heap History (10 events):
Event: 2519.310 GC heap before
{Heap before GC invocations=1861 (full 6):
 def new generation   total 273536K, used 244324K [0x0000000700c00000, 0x00000007134c0000, 0x0000000740800000)
  eden space 243200K, 100% used [0x0000000700c00000, 0x000000070f980000, 0x000000070f980000)
  from space 30336K,   3% used [0x000000070f980000, 0x000000070fa990c0, 0x0000000711720000)
  to   space 30336K,   0% used [0x0000000711720000, 0x0000000711720000, 0x00000007134c0000)
 tenured generation   total 607676K, used 379976K [0x0000000740800000, 0x000000076596f000, 0x00000007c0000000)
   the space 607676K,  62% used [0x0000000740800000, 0x0000000757b12110, 0x0000000757b12200, 0x000000076596f000)
 Metaspace       used 128085K, capacity 161964K, committed 162304K, reserved 1185792K
  class space    used 20295K, capacity 25737K, committed 25856K, reserved 1048576K
Event: 2519.323 GC heap after
Heap after GC invocations=1862 (full 6):
 def new generation   total 273536K, used 1341K [0x0000000700c00000, 0x00000007134c0000, 0x0000000740800000)
  eden space 243200K,   0% used [0x0000000700c00000, 0x0000000700c00000, 0x000000070f980000)
  from space 30336K,   4% used [0x0000000711720000, 0x000000071186f440, 0x00000007134c0000)
  to   space 30336K,   0% used [0x000000070f980000, 0x000000070f980000, 0x0000000711720000)
 tenured generation   total 607676K, used 379976K [0x0000000740800000, 0x000000076596f000, 0x00000007c0000000)
   the space 607676K,  62% used [0x0000000740800000, 0x0000000757b12150, 0x0000000757b12200, 0x000000076596f000)
 Metaspace       used 128085K, capacity 161964K, committed 162304K, reserved 1185792K
  class space    used 20295K, capacity 25737K, committed 25856K, reserved 1048576K
}
Event: 2521.940 GC heap before
{Heap before GC invocations=1862 (full 6):
 def new generation   total 273536K, used 244548K [0x0000000700c00000, 0x00000007134c0000, 0x0000000740800000)
  eden space 243200K, 100% used [0x0000000700c00000, 0x000000070f980000, 0x000000070f980000)
  from space 30336K,   4% used [0x0000000711720000, 0x0000000711871190, 0x00000007134c0000)
  to   space 30336K,   0% used [0x000000070f980000, 0x000000070f980000, 0x0000000711720000)
 tenured generation   total 607676K, used 379976K [0x0000000740800000, 0x000000076596f000, 0x00000007c0000000)
   the space 607676K,  62% used [0x0000000740800000, 0x0000000757b12150, 0x0000000757b12200, 0x000000076596f000)
 Metaspace       used 128085K, capacity 161964K, committed 162304K, reserved 1185792K
  class space    used 20295K, capacity 25737K, committed 25856K, reserved 1048576K
Event: 2521.955 GC heap after
Heap after GC invocations=1863 (full 6):
 def new generation   total 273536K, used 1181K [0x0000000700c00000, 0x00000007134c0000, 0x0000000740800000)
  eden space 243200K,   0% used [0x0000000700c00000, 0x0000000700c00000, 0x000000070f980000)
  from space 30336K,   3% used [0x000000070f980000, 0x000000070faa7610, 0x0000000711720000)
  to   space 30336K,   0% used [0x0000000711720000, 0x0000000711720000, 0x00000007134c0000)
 tenured generation   total 607676K, used 379976K [0x0000000740800000, 0x000000076596f000, 0x00000007c0000000)
   the space 607676K,  62% used [0x0000000740800000, 0x0000000757b12150, 0x0000000757b12200, 0x000000076596f000)
 Metaspace       used 128085K, capacity 161964K, committed 162304K, reserved 1185792K
  class space    used 20295K, capacity 25737K, committed 25856K, reserved 1048576K
}
Event: 2524.991 GC heap before
{Heap before GC invocations=1863 (full 6):
 def new generation   total 273536K, used 244381K [0x0000000700c00000, 0x00000007134c0000, 0x0000000740800000)
  eden space 243200K, 100% used [0x0000000700c00000, 0x000000070f980000, 0x000000070f980000)
  from space 30336K,   3% used [0x000000070f980000, 0x000000070faa7680, 0x0000000711720000)
  to   space 30336K,   0% used [0x0000000711720000, 0x0000000711720000, 0x00000007134c0000)
 tenured generation   total 607676K, used 379976K [0x0000000740800000, 0x000000076596f000, 0x00000007c0000000)
   the space 607676K,  62% used [0x0000000740800000, 0x0000000757b12150, 0x0000000757b12200, 0x000000076596f000)
 Metaspace       used 128085K, capacity 161964K, committed 162304K, reserved 1185792K
  class space    used 20295K, capacity 25737K, committed 25856K, reserved 1048576K
Event: 2525.005 GC heap after
Heap after GC invocations=1864 (full 6):
 def new generation   total 273536K, used 1052K [0x0000000700c00000, 0x00000007134c0000, 0x0000000740800000)
  eden space 243200K,   0% used [0x0000000700c00000, 0x0000000700c00000, 0x000000070f980000)
  from space 30336K,   3% used [0x0000000711720000, 0x0000000711827378, 0x00000007134c0000)
  to   space 30336K,   0% used [0x000000070f980000, 0x000000070f980000, 0x0000000711720000)
 tenured generation   total 607676K, used 379976K [0x0000000740800000, 0x000000076596f000, 0x00000007c0000000)
   the space 607676K,  62% used [0x0000000740800000, 0x0000000757b12150, 0x0000000757b12200, 0x000000076596f000)
 Metaspace       used 128085K, capacity 161964K, committed 162304K, reserved 1185792K
  class space    used 20295K, capacity 25737K, committed 25856K, reserved 1048576K
}
Event: 2529.340 GC heap before
{Heap before GC invocations=1864 (full 6):
 def new generation   total 273536K, used 244252K [0x0000000700c00000, 0x00000007134c0000, 0x0000000740800000)
  eden space 243200K, 100% used [0x0000000700c00000, 0x000000070f980000, 0x000000070f980000)
  from space 30336K,   3% used [0x0000000711720000, 0x00000007118273b0, 0x00000007134c0000)
  to   space 30336K,   0% used [0x000000070f980000, 0x000000070f980000, 0x0000000711720000)
 tenured generation   total 607676K, used 379976K [0x0000000740800000, 0x000000076596f000, 0x00000007c0000000)
   the space 607676K,  62% used [0x0000000740800000, 0x0000000757b12150, 0x0000000757b12200, 0x000000076596f000)
 Metaspace       used 128085K, capacity 161964K, committed 162304K, reserved 1185792K
  class space    used 20295K, capacity 25737K, committed 25856K, reserved 1048576K
Event: 2529.354 GC heap after
Heap after GC invocations=1865 (full 6):
 def new generation   total 273536K, used 1131K [0x0000000700c00000, 0x00000007134c0000, 0x0000000740800000)
  eden space 243200K,   0% used [0x0000000700c00000, 0x0000000700c00000, 0x000000070f980000)
  from space 30336K,   3% used [0x000000070f980000, 0x000000070fa9ae50, 0x0000000711720000)
  to   space 30336K,   0% used [0x0000000711720000, 0x0000000711720000, 0x00000007134c0000)
 tenured generation   total 607676K, used 379976K [0x0000000740800000, 0x000000076596f000, 0x00000007c0000000)
   the space 607676K,  62% used [0x0000000740800000, 0x0000000757b12278, 0x0000000757b12400, 0x000000076596f000)
 Metaspace       used 128085K, capacity 161964K, committed 162304K, reserved 1185792K
  class space    used 20295K, capacity 25737K, committed 25856K, reserved 1048576K
}
Event: 2533.177 GC heap before
{Heap before GC invocations=1865 (full 6):
 def new generation   total 273536K, used 167617K [0x0000000700c00000, 0x00000007134c0000, 0x0000000740800000)
  eden space 243200K,  68% used [0x0000000700c00000, 0x000000070ae95668, 0x000000070f980000)
  from space 30336K,   3% used [0x000000070f980000, 0x000000070fa9ae50, 0x0000000711720000)
  to   space 30336K,   0% used [0x0000000711720000, 0x0000000711720000, 0x00000007134c0000)
 tenured generation   total 607676K, used 379976K [0x0000000740800000, 0x000000076596f000, 0x00000007c0000000)
   the space 607676K,  62% used [0x0000000740800000, 0x0000000757b12278, 0x0000000757b12400, 0x000000076596f000)
 Metaspace       used 128094K, capacity 162028K, committed 162304K, reserved 1185792K
  class space    used 20296K, capacity 25737K, committed 25856K, reserved 1048576K
Event: 2533.197 GC heap after
Heap after GC invocations=1866 (full 6):
 def new generation   total 273536K, used 879K [0x0000000700c00000, 0x00000007134c0000, 0x0000000740800000)
  eden space 243200K,   0% used [0x0000000700c00000, 0x0000000700c00000, 0x000000070f980000)
  from space 30336K,   2% used [0x0000000711720000, 0x00000007117fbcc0, 0x00000007134c0000)
  to   space 30336K,   0% used [0x000000070f980000, 0x000000070f980000, 0x0000000711720000)
 tenured generation   total 607676K, used 379976K [0x0000000740800000, 0x000000076596f000, 0x00000007c0000000)
   the space 607676K,  62% used [0x0000000740800000, 0x0000000757b122f8, 0x0000000757b12400, 0x000000076596f000)
 Metaspace       used 128094K, capacity 162028K, committed 162304K, reserved 1185792K
  class space    used 20296K, capacity 25737K, committed 25856K, reserved 1048576K
}

